2023-12-13 09:41:22.338  INFO 16496 --- [main] msrfyl.app.oauth.OauthApplicationKt      : Starting OauthApplicationKt using Java 17.0.6 on DESKTOP-9ND0UED with PID 16496 (D:\Msrfyl\coding\oauth\target\classes started by Datacom Backend in D:\Msrfyl\coding\oauth)
2023-12-13 09:41:22.352  INFO 16496 --- [main] msrfyl.app.oauth.OauthApplicationKt      : No active profile set, falling back to 1 default profile: "default"
2023-12-13 09:41:26.872  INFO 16496 --- [main] o.s.b.w.embedded.tomcat.TomcatWebServer  : Tomcat initialized with port(s): 9000 (http)
2023-12-13 09:41:26.906  INFO 16496 --- [main] o.apache.catalina.core.StandardService   : Starting service [Tomcat]
2023-12-13 09:41:26.906  INFO 16496 --- [main] org.apache.catalina.core.StandardEngine  : Starting Servlet engine: [Apache Tomcat/9.0.62]
2023-12-13 09:41:27.252  INFO 16496 --- [main] o.a.c.c.C.[Tomcat].[localhost].[/]       : Initializing Spring embedded WebApplicationContext
2023-12-13 09:41:27.252  INFO 16496 --- [main] w.s.c.ServletWebServerApplicationContext : Root WebApplicationContext: initialization completed in 4601 ms
2023-12-13 09:41:27.859  INFO 16496 --- [main] m.a.o.s.AuthorizationServerConfig        : register client: auth-client
2023-12-13 09:41:27.884  INFO 16496 --- [main] m.a.o.s.AuthorizationServerConfig        : register client: giats-client
2023-12-13 09:41:27.885  INFO 16496 --- [main] m.a.o.s.AuthorizationServerConfig        : register client: msrfyl-client
2023-12-13 09:41:29.693  INFO 16496 --- [main] o.s.s.web.DefaultSecurityFilterChain     : Will secure org.springframework.security.config.annotation.web.configurers.oauth2.server.authorization.OAuth2AuthorizationServerConfigurer$$Lambda$560/0x000000080105a390@4bb1b96b with [org.springframework.security.web.context.request.async.WebAsyncManagerIntegrationFilter@1bbddada, org.springframework.security.web.context.SecurityContextPersistenceFilter@36068727, org.springframework.security.web.header.HeaderWriterFilter@6436e181, org.springframework.security.web.csrf.CsrfFilter@691500ab, org.springframework.security.web.authentication.logout.LogoutFilter@1a538ed8, org.springframework.security.oauth2.server.authorization.web.OAuth2AuthorizationEndpointFilter@18b6d3c1, org.springframework.security.oauth2.server.authorization.oidc.web.OidcProviderConfigurationEndpointFilter@317890ea, org.springframework.security.oauth2.server.authorization.web.NimbusJwkSetEndpointFilter@29079032, org.springframework.security.oauth2.server.authorization.web.OAuth2AuthorizationServerMetadataEndpointFilter@5ef85555, org.springframework.security.oauth2.server.authorization.web.OAuth2ClientAuthenticationFilter@f238e4f, org.springframework.security.web.authentication.UsernamePasswordAuthenticationFilter@5bcec67e, org.springframework.security.web.savedrequest.RequestCacheAwareFilter@3d88e6b9, org.springframework.security.web.servletapi.SecurityContextHolderAwareRequestFilter@22bf9122, org.springframework.security.web.authentication.AnonymousAuthenticationFilter@1f66d8e1, org.springframework.security.web.session.SessionManagementFilter@6b649efa, org.springframework.security.web.access.ExceptionTranslationFilter@58a84a12, org.springframework.security.web.access.intercept.FilterSecurityInterceptor@5d318e91, org.springframework.security.oauth2.server.authorization.web.OAuth2TokenEndpointFilter@2db6d68d, org.springframework.security.oauth2.server.authorization.oidc.web.OidcUserInfoEndpointFilter@12219f6a, org.springframework.security.oauth2.server.authorization.web.OAuth2TokenIntrospectionEndpointFilter@7c90b7b7, org.springframework.security.oauth2.server.authorization.web.OAuth2TokenRevocationEndpointFilter@1b3ab4f9]
2023-12-13 09:41:29.854  INFO 16496 --- [main] o.s.s.web.DefaultSecurityFilterChain     : Will secure any request with [org.springframework.security.web.context.request.async.WebAsyncManagerIntegrationFilter@3cc053, org.springframework.security.web.context.SecurityContextPersistenceFilter@5df7e31b, org.springframework.security.web.header.HeaderWriterFilter@196624bf, org.springframework.security.web.csrf.CsrfFilter@2b44d6d0, org.springframework.security.web.authentication.logout.LogoutFilter@3bb9ca38, org.springframework.security.web.authentication.UsernamePasswordAuthenticationFilter@7b53b1ad, org.springframework.security.web.savedrequest.RequestCacheAwareFilter@63a9c661, org.springframework.security.web.servletapi.SecurityContextHolderAwareRequestFilter@4b425577, org.springframework.security.web.authentication.AnonymousAuthenticationFilter@388c519, org.springframework.security.web.session.SessionManagementFilter@50085d9c, org.springframework.security.web.access.ExceptionTranslationFilter@3e900e1a, org.springframework.security.web.access.intercept.AuthorizationFilter@1a1ccaaf]
2023-12-13 09:41:30.991  INFO 16496 --- [main] o.s.b.w.embedded.tomcat.TomcatWebServer  : Tomcat started on port(s): 9000 (http) with context path ''
2023-12-13 09:41:31.122  INFO 16496 --- [main] msrfyl.app.oauth.OauthApplicationKt      : Started OauthApplicationKt in 10.108 seconds (JVM running for 12.921)
2023-12-13 09:41:31.128  INFO 16496 --- [main] msrfyl.app.oauth.OauthApplication        : application is ready
2023-12-13 09:43:30.649  INFO 16496 --- [http-nio-9000-exec-1] o.a.c.c.C.[Tomcat].[localhost].[/]       : Initializing Spring DispatcherServlet 'dispatcherServlet'
2023-12-13 09:43:30.650  INFO 16496 --- [http-nio-9000-exec-1] o.s.web.servlet.DispatcherServlet        : Initializing Servlet 'dispatcherServlet'
2023-12-13 09:43:30.654  INFO 16496 --- [http-nio-9000-exec-1] o.s.web.servlet.DispatcherServlet        : Completed initialization in 3 ms
2023-12-13 09:43:31.234  WARN 16496 --- [http-nio-9000-exec-1] o.a.c.util.SessionIdGeneratorBase        : Creation of SecureRandom instance for session ID generation using [SHA1PRNG] took [214] milliseconds.
2023-12-13 09:43:48.503  INFO 16496 --- [http-nio-9000-exec-8] m.app.oauth.security.MyAuthProvider      : authenticate user admin [200]
2023-12-13 09:43:48.504  INFO 16496 --- [http-nio-9000-exec-8] m.app.oauth.security.MyAuthProvider      : success login admin
2023-12-13 09:59:48.504  INFO 11664 --- [main] msrfyl.app.oauth.OauthApplicationKt      : Starting OauthApplicationKt using Java 17.0.6 on DESKTOP-9ND0UED with PID 11664 (D:\Msrfyl\coding\oauth\target\classes started by Datacom Backend in D:\Msrfyl\coding\oauth)
2023-12-13 09:59:48.507  INFO 11664 --- [main] msrfyl.app.oauth.OauthApplicationKt      : No active profile set, falling back to 1 default profile: "default"
2023-12-13 09:59:51.907  INFO 11664 --- [main] o.s.b.w.embedded.tomcat.TomcatWebServer  : Tomcat initialized with port(s): 9000 (http)
2023-12-13 09:59:51.926  INFO 11664 --- [main] o.apache.catalina.core.StandardService   : Starting service [Tomcat]
2023-12-13 09:59:51.928  INFO 11664 --- [main] org.apache.catalina.core.StandardEngine  : Starting Servlet engine: [Apache Tomcat/9.0.62]
2023-12-13 09:59:52.198  INFO 11664 --- [main] o.a.c.c.C.[Tomcat].[localhost].[/]       : Initializing Spring embedded WebApplicationContext
2023-12-13 09:59:52.198  INFO 11664 --- [main] w.s.c.ServletWebServerApplicationContext : Root WebApplicationContext: initialization completed in 3494 ms
2023-12-13 09:59:52.884  INFO 11664 --- [main] m.a.o.s.AuthorizationServerConfig        : register client: auth-client
2023-12-13 09:59:52.934  INFO 11664 --- [main] m.a.o.s.AuthorizationServerConfig        : register client: giats-client
2023-12-13 09:59:52.935  INFO 11664 --- [main] m.a.o.s.AuthorizationServerConfig        : register client: msrfyl-client
2023-12-13 09:59:53.978  INFO 11664 --- [main] o.s.s.web.DefaultSecurityFilterChain     : Will secure org.springframework.security.config.annotation.web.configurers.oauth2.server.authorization.OAuth2AuthorizationServerConfigurer$$Lambda$560/0x0000000801052390@202d9236 with [org.springframework.security.web.context.request.async.WebAsyncManagerIntegrationFilter@1f782c05, org.springframework.security.web.context.SecurityContextPersistenceFilter@2173a742, org.springframework.security.web.header.HeaderWriterFilter@9687f55, org.springframework.security.web.csrf.CsrfFilter@134f8ef6, org.springframework.security.web.authentication.logout.LogoutFilter@65514add, org.springframework.security.oauth2.server.authorization.web.OAuth2AuthorizationEndpointFilter@38d80d65, org.springframework.security.oauth2.server.authorization.oidc.web.OidcProviderConfigurationEndpointFilter@2b736fee, org.springframework.security.oauth2.server.authorization.web.NimbusJwkSetEndpointFilter@6661d8c0, org.springframework.security.oauth2.server.authorization.web.OAuth2AuthorizationServerMetadataEndpointFilter@41bfa9e9, org.springframework.security.oauth2.server.authorization.web.OAuth2ClientAuthenticationFilter@1c34365c, org.springframework.security.web.authentication.UsernamePasswordAuthenticationFilter@68b7d0ef, org.springframework.security.web.savedrequest.RequestCacheAwareFilter@7f6329cb, org.springframework.security.web.servletapi.SecurityContextHolderAwareRequestFilter@4b8137c5, org.springframework.security.web.authentication.AnonymousAuthenticationFilter@6d6ac396, org.springframework.security.web.session.SessionManagementFilter@671d03bb, org.springframework.security.web.access.ExceptionTranslationFilter@208205ed, org.springframework.security.web.access.intercept.FilterSecurityInterceptor@5f0bab7e, org.springframework.security.oauth2.server.authorization.web.OAuth2TokenEndpointFilter@7126e26, org.springframework.security.oauth2.server.authorization.oidc.web.OidcUserInfoEndpointFilter@411cd156, org.springframework.security.oauth2.server.authorization.web.OAuth2TokenIntrospectionEndpointFilter@552cede7, org.springframework.security.oauth2.server.authorization.web.OAuth2TokenRevocationEndpointFilter@19e21f89]
2023-12-13 09:59:54.029  INFO 11664 --- [main] o.s.s.web.DefaultSecurityFilterChain     : Will secure any request with [org.springframework.security.web.context.request.async.WebAsyncManagerIntegrationFilter@3b481bf5, org.springframework.security.web.context.SecurityContextPersistenceFilter@16f0ec18, org.springframework.security.web.header.HeaderWriterFilter@525b1b70, org.springframework.security.web.csrf.CsrfFilter@570ba13, org.springframework.security.web.authentication.logout.LogoutFilter@623e0631, org.springframework.security.web.authentication.UsernamePasswordAuthenticationFilter@d325518, org.springframework.security.web.savedrequest.RequestCacheAwareFilter@6c977dcf, org.springframework.security.web.servletapi.SecurityContextHolderAwareRequestFilter@661d6bb6, org.springframework.security.web.authentication.AnonymousAuthenticationFilter@2233cac0, org.springframework.security.web.session.SessionManagementFilter@16d07cf3, org.springframework.security.web.access.ExceptionTranslationFilter@37a9b687, org.springframework.security.web.access.intercept.AuthorizationFilter@459003a0]
2023-12-13 09:59:55.493  INFO 11664 --- [main] o.s.b.w.embedded.tomcat.TomcatWebServer  : Tomcat started on port(s): 9000 (http) with context path ''
2023-12-13 09:59:55.515  INFO 11664 --- [main] msrfyl.app.oauth.OauthApplicationKt      : Started OauthApplicationKt in 8.087 seconds (JVM running for 10.102)
2023-12-13 09:59:55.524  INFO 11664 --- [main] msrfyl.app.oauth.OauthApplication        : application is ready
2023-12-13 10:00:05.993  INFO 11664 --- [http-nio-9000-exec-1] o.a.c.c.C.[Tomcat].[localhost].[/]       : Initializing Spring DispatcherServlet 'dispatcherServlet'
2023-12-13 10:00:05.999  INFO 11664 --- [http-nio-9000-exec-1] o.s.web.servlet.DispatcherServlet        : Initializing Servlet 'dispatcherServlet'
2023-12-13 10:00:06.002  INFO 11664 --- [http-nio-9000-exec-1] o.s.web.servlet.DispatcherServlet        : Completed initialization in 3 ms
2023-12-13 10:00:15.972  INFO 11664 --- [http-nio-9000-exec-6] m.app.oauth.security.MyAuthProvider      : authenticate user admin [200]
2023-12-13 10:00:15.972  INFO 11664 --- [http-nio-9000-exec-6] m.app.oauth.security.MyAuthProvider      : success login admin
2023-12-13 10:02:12.538  INFO 8000 --- [main] msrfyl.app.oauth.OauthApplicationKt      : Starting OauthApplicationKt using Java 17.0.6 on DESKTOP-9ND0UED with PID 8000 (D:\Msrfyl\coding\oauth\target\classes started by Datacom Backend in D:\Msrfyl\coding\oauth)
2023-12-13 10:02:12.547  INFO 8000 --- [main] msrfyl.app.oauth.OauthApplicationKt      : No active profile set, falling back to 1 default profile: "default"
2023-12-13 10:02:17.048  INFO 8000 --- [main] o.s.b.w.embedded.tomcat.TomcatWebServer  : Tomcat initialized with port(s): 9000 (http)
2023-12-13 10:02:17.075  INFO 8000 --- [main] o.apache.catalina.core.StandardService   : Starting service [Tomcat]
2023-12-13 10:02:17.076  INFO 8000 --- [main] org.apache.catalina.core.StandardEngine  : Starting Servlet engine: [Apache Tomcat/9.0.62]
2023-12-13 10:02:17.348  INFO 8000 --- [main] o.a.c.c.C.[Tomcat].[localhost].[/]       : Initializing Spring embedded WebApplicationContext
2023-12-13 10:02:17.349  INFO 8000 --- [main] w.s.c.ServletWebServerApplicationContext : Root WebApplicationContext: initialization completed in 4552 ms
2023-12-13 10:02:17.821  INFO 8000 --- [main] m.a.o.s.AuthorizationServerConfig        : register client: auth-client
2023-12-13 10:02:17.836  INFO 8000 --- [main] m.a.o.s.AuthorizationServerConfig        : register client: giats-client
2023-12-13 10:02:17.837  INFO 8000 --- [main] m.a.o.s.AuthorizationServerConfig        : register client: msrfyl-client
2023-12-13 10:02:18.965  INFO 8000 --- [main] o.s.s.web.DefaultSecurityFilterChain     : Will secure org.springframework.security.config.annotation.web.configurers.oauth2.server.authorization.OAuth2AuthorizationServerConfigurer$$Lambda$560/0x0000000801053608@764b14b8 with [org.springframework.security.web.context.request.async.WebAsyncManagerIntegrationFilter@202d9236, org.springframework.security.web.context.SecurityContextPersistenceFilter@6babffb5, org.springframework.security.web.header.HeaderWriterFilter@73afe2b7, org.springframework.security.web.csrf.CsrfFilter@ea04cab, org.springframework.security.web.authentication.logout.LogoutFilter@31973858, org.springframework.security.oauth2.server.authorization.web.OAuth2AuthorizationEndpointFilter@691124ee, org.springframework.security.oauth2.server.authorization.oidc.web.OidcProviderConfigurationEndpointFilter@c8f97a7, org.springframework.security.oauth2.server.authorization.web.NimbusJwkSetEndpointFilter@17d2b075, org.springframework.security.oauth2.server.authorization.web.OAuth2AuthorizationServerMetadataEndpointFilter@3421debd, org.springframework.security.oauth2.server.authorization.web.OAuth2ClientAuthenticationFilter@5042e3d0, org.springframework.security.web.authentication.UsernamePasswordAuthenticationFilter@41bfa9e9, org.springframework.security.web.savedrequest.RequestCacheAwareFilter@706ceca6, org.springframework.security.web.servletapi.SecurityContextHolderAwareRequestFilter@7f6329cb, org.springframework.security.web.authentication.AnonymousAuthenticationFilter@1f782c05, org.springframework.security.web.session.SessionManagementFilter@5700c9db, org.springframework.security.web.access.ExceptionTranslationFilter@22bf9122, org.springframework.security.web.access.intercept.FilterSecurityInterceptor@7d8cf9ac, org.springframework.security.oauth2.server.authorization.web.OAuth2TokenEndpointFilter@47b33e07, org.springframework.security.oauth2.server.authorization.oidc.web.OidcUserInfoEndpointFilter@4e22368c, org.springframework.security.oauth2.server.authorization.web.OAuth2TokenIntrospectionEndpointFilter@1c8f6c66, org.springframework.security.oauth2.server.authorization.web.OAuth2TokenRevocationEndpointFilter@feb098f]
2023-12-13 10:02:19.067  INFO 8000 --- [main] o.s.s.web.DefaultSecurityFilterChain     : Will secure any request with [org.springframework.security.web.context.request.async.WebAsyncManagerIntegrationFilter@747835f5, org.springframework.security.web.context.SecurityContextPersistenceFilter@21e45a6f, org.springframework.security.web.header.HeaderWriterFilter@365afe87, org.springframework.security.web.csrf.CsrfFilter@160e99e0, org.springframework.security.web.authentication.logout.LogoutFilter@388c519, org.springframework.security.web.authentication.UsernamePasswordAuthenticationFilter@9b47400, org.springframework.security.web.savedrequest.RequestCacheAwareFilter@1a1ccaaf, org.springframework.security.web.servletapi.SecurityContextHolderAwareRequestFilter@7b53b1ad, org.springframework.security.web.authentication.AnonymousAuthenticationFilter@594131f2, org.springframework.security.web.session.SessionManagementFilter@43471a7e, org.springframework.security.web.access.ExceptionTranslationFilter@4f3e9fbb, org.springframework.security.web.access.intercept.AuthorizationFilter@1c628f6a]
2023-12-13 10:02:19.973  INFO 8000 --- [main] o.s.b.w.embedded.tomcat.TomcatWebServer  : Tomcat started on port(s): 9000 (http) with context path ''
2023-12-13 10:02:20.074  INFO 8000 --- [main] msrfyl.app.oauth.OauthApplicationKt      : Started OauthApplicationKt in 8.742 seconds (JVM running for 11.021)
2023-12-13 10:02:20.081  INFO 8000 --- [main] msrfyl.app.oauth.OauthApplication        : application is ready
2023-12-13 10:02:33.307  INFO 8000 --- [http-nio-9000-exec-1] o.a.c.c.C.[Tomcat].[localhost].[/]       : Initializing Spring DispatcherServlet 'dispatcherServlet'
2023-12-13 10:02:33.316  INFO 8000 --- [http-nio-9000-exec-1] o.s.web.servlet.DispatcherServlet        : Initializing Servlet 'dispatcherServlet'
2023-12-13 10:02:33.319  INFO 8000 --- [http-nio-9000-exec-1] o.s.web.servlet.DispatcherServlet        : Completed initialization in 2 ms
2023-12-13 10:02:43.184  INFO 8000 --- [http-nio-9000-exec-6] m.app.oauth.security.MyAuthProvider      : authenticate user admin [200]
2023-12-13 10:02:43.184  INFO 8000 --- [http-nio-9000-exec-6] m.app.oauth.security.MyAuthProvider      : success login admin
2023-12-13 10:04:15.447  INFO 11040 --- [main] msrfyl.app.oauth.OauthApplicationKt      : Starting OauthApplicationKt using Java 17.0.6 on DESKTOP-9ND0UED with PID 11040 (D:\Msrfyl\coding\oauth\target\classes started by Datacom Backend in D:\Msrfyl\coding\oauth)
2023-12-13 10:04:15.450  INFO 11040 --- [main] msrfyl.app.oauth.OauthApplicationKt      : No active profile set, falling back to 1 default profile: "default"
2023-12-13 10:04:19.356  INFO 11040 --- [main] o.s.b.w.embedded.tomcat.TomcatWebServer  : Tomcat initialized with port(s): 9000 (http)
2023-12-13 10:04:19.379  INFO 11040 --- [main] o.apache.catalina.core.StandardService   : Starting service [Tomcat]
2023-12-13 10:04:19.380  INFO 11040 --- [main] org.apache.catalina.core.StandardEngine  : Starting Servlet engine: [Apache Tomcat/9.0.62]
2023-12-13 10:04:19.762  INFO 11040 --- [main] o.a.c.c.C.[Tomcat].[localhost].[/]       : Initializing Spring embedded WebApplicationContext
2023-12-13 10:04:19.767  INFO 11040 --- [main] w.s.c.ServletWebServerApplicationContext : Root WebApplicationContext: initialization completed in 4114 ms
2023-12-13 10:04:20.350  INFO 11040 --- [main] m.a.o.s.AuthorizationServerConfig        : register client: auth-client
2023-12-13 10:04:20.361  INFO 11040 --- [main] m.a.o.s.AuthorizationServerConfig        : register client: giats-client
2023-12-13 10:04:20.362  INFO 11040 --- [main] m.a.o.s.AuthorizationServerConfig        : register client: msrfyl-client
2023-12-13 10:04:21.387  INFO 11040 --- [main] o.s.s.web.DefaultSecurityFilterChain     : Will secure org.springframework.security.config.annotation.web.configurers.oauth2.server.authorization.OAuth2AuthorizationServerConfigurer$$Lambda$560/0x0000000801053608@764b14b8 with [org.springframework.security.web.context.request.async.WebAsyncManagerIntegrationFilter@202d9236, org.springframework.security.web.context.SecurityContextPersistenceFilter@6babffb5, org.springframework.security.web.header.HeaderWriterFilter@73afe2b7, org.springframework.security.web.csrf.CsrfFilter@ea04cab, org.springframework.security.web.authentication.logout.LogoutFilter@31973858, org.springframework.security.oauth2.server.authorization.web.OAuth2AuthorizationEndpointFilter@691124ee, org.springframework.security.oauth2.server.authorization.oidc.web.OidcProviderConfigurationEndpointFilter@c8f97a7, org.springframework.security.oauth2.server.authorization.web.NimbusJwkSetEndpointFilter@17d2b075, org.springframework.security.oauth2.server.authorization.web.OAuth2AuthorizationServerMetadataEndpointFilter@3421debd, org.springframework.security.oauth2.server.authorization.web.OAuth2ClientAuthenticationFilter@5042e3d0, org.springframework.security.web.authentication.UsernamePasswordAuthenticationFilter@41bfa9e9, org.springframework.security.web.savedrequest.RequestCacheAwareFilter@706ceca6, org.springframework.security.web.servletapi.SecurityContextHolderAwareRequestFilter@7f6329cb, org.springframework.security.web.authentication.AnonymousAuthenticationFilter@1f782c05, org.springframework.security.web.session.SessionManagementFilter@5700c9db, org.springframework.security.web.access.ExceptionTranslationFilter@22bf9122, org.springframework.security.web.access.intercept.FilterSecurityInterceptor@7d8cf9ac, org.springframework.security.oauth2.server.authorization.web.OAuth2TokenEndpointFilter@47b33e07, org.springframework.security.oauth2.server.authorization.oidc.web.OidcUserInfoEndpointFilter@4e22368c, org.springframework.security.oauth2.server.authorization.web.OAuth2TokenIntrospectionEndpointFilter@1c8f6c66, org.springframework.security.oauth2.server.authorization.web.OAuth2TokenRevocationEndpointFilter@feb098f]
2023-12-13 10:04:21.483  INFO 11040 --- [main] o.s.s.web.DefaultSecurityFilterChain     : Will secure any request with [org.springframework.security.web.context.request.async.WebAsyncManagerIntegrationFilter@4e0cc334, org.springframework.security.web.context.SecurityContextPersistenceFilter@388c519, org.springframework.security.web.header.HeaderWriterFilter@7b53b1ad, org.springframework.security.web.csrf.CsrfFilter@21e45a6f, org.springframework.security.web.authentication.logout.LogoutFilter@3a38f122, org.springframework.security.web.authentication.UsernamePasswordAuthenticationFilter@7bee8621, org.springframework.security.web.savedrequest.RequestCacheAwareFilter@7fbd3e75, org.springframework.security.web.servletapi.SecurityContextHolderAwareRequestFilter@198536f6, org.springframework.security.web.authentication.AnonymousAuthenticationFilter@1e12a5a6, org.springframework.security.web.session.SessionManagementFilter@3cc053, org.springframework.security.web.access.ExceptionTranslationFilter@1a1ccaaf, org.springframework.security.web.access.intercept.AuthorizationFilter@51d0ec6f]
2023-12-13 10:04:22.705  INFO 11040 --- [main] o.s.b.w.embedded.tomcat.TomcatWebServer  : Tomcat started on port(s): 9000 (http) with context path ''
2023-12-13 10:04:22.762  INFO 11040 --- [main] msrfyl.app.oauth.OauthApplicationKt      : Started OauthApplicationKt in 8.377 seconds (JVM running for 10.197)
2023-12-13 10:04:22.769  INFO 11040 --- [main] msrfyl.app.oauth.OauthApplication        : application is ready
2023-12-13 10:04:33.920  INFO 11040 --- [http-nio-9000-exec-1] o.a.c.c.C.[Tomcat].[localhost].[/]       : Initializing Spring DispatcherServlet 'dispatcherServlet'
2023-12-13 10:04:33.921  INFO 11040 --- [http-nio-9000-exec-1] o.s.web.servlet.DispatcherServlet        : Initializing Servlet 'dispatcherServlet'
2023-12-13 10:04:33.923  INFO 11040 --- [http-nio-9000-exec-1] o.s.web.servlet.DispatcherServlet        : Completed initialization in 2 ms
2023-12-13 10:04:41.514  INFO 11040 --- [http-nio-9000-exec-6] m.app.oauth.security.MyAuthProvider      : authenticate user admin [200]
2023-12-13 10:04:41.515  INFO 11040 --- [http-nio-9000-exec-6] m.app.oauth.security.MyAuthProvider      : success login admin
2023-12-13 10:06:34.668  INFO 18924 --- [main] msrfyl.app.oauth.OauthApplicationKt      : Starting OauthApplicationKt using Java 17.0.6 on DESKTOP-9ND0UED with PID 18924 (D:\Msrfyl\coding\oauth\target\classes started by Datacom Backend in D:\Msrfyl\coding\oauth)
2023-12-13 10:06:34.679  INFO 18924 --- [main] msrfyl.app.oauth.OauthApplicationKt      : No active profile set, falling back to 1 default profile: "default"
2023-12-13 10:06:38.430  INFO 18924 --- [main] o.s.b.w.embedded.tomcat.TomcatWebServer  : Tomcat initialized with port(s): 9000 (http)
2023-12-13 10:06:38.459  INFO 18924 --- [main] o.apache.catalina.core.StandardService   : Starting service [Tomcat]
2023-12-13 10:06:38.461  INFO 18924 --- [main] org.apache.catalina.core.StandardEngine  : Starting Servlet engine: [Apache Tomcat/9.0.62]
2023-12-13 10:06:38.777  INFO 18924 --- [main] o.a.c.c.C.[Tomcat].[localhost].[/]       : Initializing Spring embedded WebApplicationContext
2023-12-13 10:06:38.778  INFO 18924 --- [main] w.s.c.ServletWebServerApplicationContext : Root WebApplicationContext: initialization completed in 3863 ms
2023-12-13 10:06:39.274  INFO 18924 --- [main] m.a.o.s.AuthorizationServerConfig        : register client: auth-client
2023-12-13 10:06:39.286  INFO 18924 --- [main] m.a.o.s.AuthorizationServerConfig        : register client: giats-client
2023-12-13 10:06:39.287  INFO 18924 --- [main] m.a.o.s.AuthorizationServerConfig        : register client: msrfyl-client
2023-12-13 10:06:40.620  INFO 18924 --- [main] o.s.s.web.DefaultSecurityFilterChain     : Will secure org.springframework.security.config.annotation.web.configurers.oauth2.server.authorization.OAuth2AuthorizationServerConfigurer$$Lambda$560/0x0000000801053a38@202d9236 with [org.springframework.security.web.context.request.async.WebAsyncManagerIntegrationFilter@1f782c05, org.springframework.security.web.context.SecurityContextPersistenceFilter@2173a742, org.springframework.security.web.header.HeaderWriterFilter@9687f55, org.springframework.security.web.csrf.CsrfFilter@134f8ef6, org.springframework.security.web.authentication.logout.LogoutFilter@65514add, org.springframework.security.oauth2.server.authorization.web.OAuth2AuthorizationEndpointFilter@38d80d65, org.springframework.security.oauth2.server.authorization.oidc.web.OidcProviderConfigurationEndpointFilter@2b736fee, org.springframework.security.oauth2.server.authorization.web.NimbusJwkSetEndpointFilter@6661d8c0, org.springframework.security.oauth2.server.authorization.web.OAuth2AuthorizationServerMetadataEndpointFilter@41bfa9e9, org.springframework.security.oauth2.server.authorization.web.OAuth2ClientAuthenticationFilter@1c34365c, org.springframework.security.web.authentication.UsernamePasswordAuthenticationFilter@68b7d0ef, org.springframework.security.web.savedrequest.RequestCacheAwareFilter@7f6329cb, org.springframework.security.web.servletapi.SecurityContextHolderAwareRequestFilter@4b8137c5, org.springframework.security.web.authentication.AnonymousAuthenticationFilter@6d6ac396, org.springframework.security.web.session.SessionManagementFilter@671d03bb, org.springframework.security.web.access.ExceptionTranslationFilter@208205ed, org.springframework.security.web.access.intercept.FilterSecurityInterceptor@5f0bab7e, org.springframework.security.oauth2.server.authorization.web.OAuth2TokenEndpointFilter@7126e26, org.springframework.security.oauth2.server.authorization.oidc.web.OidcUserInfoEndpointFilter@411cd156, org.springframework.security.oauth2.server.authorization.web.OAuth2TokenIntrospectionEndpointFilter@552cede7, org.springframework.security.oauth2.server.authorization.web.OAuth2TokenRevocationEndpointFilter@19e21f89]
2023-12-13 10:06:40.706  INFO 18924 --- [main] o.s.s.web.DefaultSecurityFilterChain     : Will secure any request with [org.springframework.security.web.context.request.async.WebAsyncManagerIntegrationFilter@594131f2, org.springframework.security.web.context.SecurityContextPersistenceFilter@1a1ccaaf, org.springframework.security.web.header.HeaderWriterFilter@43471a7e, org.springframework.security.web.csrf.CsrfFilter@4f3e9fbb, org.springframework.security.web.authentication.logout.LogoutFilter@7fbd3e75, org.springframework.security.web.authentication.UsernamePasswordAuthenticationFilter@747835f5, org.springframework.security.web.savedrequest.RequestCacheAwareFilter@7b53b1ad, org.springframework.security.web.servletapi.SecurityContextHolderAwareRequestFilter@3cc053, org.springframework.security.web.authentication.AnonymousAuthenticationFilter@51d0ec6f, org.springframework.security.web.session.SessionManagementFilter@21e45a6f, org.springframework.security.web.access.ExceptionTranslationFilter@365afe87, org.springframework.security.web.access.intercept.AuthorizationFilter@9b47400]
2023-12-13 10:06:41.705  INFO 18924 --- [main] o.s.b.w.embedded.tomcat.TomcatWebServer  : Tomcat started on port(s): 9000 (http) with context path ''
2023-12-13 10:06:41.736  INFO 18924 --- [main] msrfyl.app.oauth.OauthApplicationKt      : Started OauthApplicationKt in 8.391 seconds (JVM running for 10.789)
2023-12-13 10:06:41.743  INFO 18924 --- [main] msrfyl.app.oauth.OauthApplication        : application is ready
2023-12-13 10:09:56.389  INFO 18924 --- [http-nio-9000-exec-3] o.a.c.c.C.[Tomcat].[localhost].[/]       : Initializing Spring DispatcherServlet 'dispatcherServlet'
2023-12-13 10:09:56.391  INFO 18924 --- [http-nio-9000-exec-3] o.s.web.servlet.DispatcherServlet        : Initializing Servlet 'dispatcherServlet'
2023-12-13 10:09:56.395  INFO 18924 --- [http-nio-9000-exec-3] o.s.web.servlet.DispatcherServlet        : Completed initialization in 3 ms
2023-12-13 10:09:56.644  WARN 18924 --- [http-nio-9000-exec-3] o.a.c.util.SessionIdGeneratorBase        : Creation of SecureRandom instance for session ID generation using [SHA1PRNG] took [102] milliseconds.
2023-12-13 10:10:04.327  INFO 18924 --- [http-nio-9000-exec-6] m.app.oauth.security.MyAuthProvider      : authenticate user web-admin [200]
2023-12-13 10:10:04.329  INFO 18924 --- [http-nio-9000-exec-6] m.app.oauth.security.MyAuthProvider      : success login admin
